[debug] [2025-11-22T18:11:01.096Z] ----------------------------------------------------------------------
[debug] [2025-11-22T18:11:01.098Z] Command:       /nix/store/ws50yvm6vzlzf7jzz6n7xh4szddrack1-nodejs-20.19.1/bin/node /nix/store/12bms99s479knhxggq0wrjfch7rhy26s-firebase-tools-14.24.1/lib/node_modules/firebase-tools/lib/bin/firebase.js init hosting
[debug] [2025-11-22T18:11:01.099Z] CLI Version:   14.24.1
[debug] [2025-11-22T18:11:01.099Z] Platform:      linux
[debug] [2025-11-22T18:11:01.099Z] Node Version:  v20.19.1
[debug] [2025-11-22T18:11:01.099Z] Time:          Sat Nov 22 2025 18:11:01 GMT+0000 (Coordinated Universal Time)
[debug] [2025-11-22T18:11:01.100Z] ----------------------------------------------------------------------
[debug] 
[debug] [2025-11-22T18:11:01.111Z] No OAuth tokens found
[debug] [2025-11-22T18:11:01.112Z] No OAuth tokens found
[error] Failed to fetch Firebase Project from current Studio Workspace: Unable to refresh auth: not yet authenticated.
[info] 
     ######## #### ########  ######## ########     ###     ######  ########
     ##        ##  ##     ## ##       ##     ##  ##   ##  ##       ##
     ######    ##  ########  ######   ########  #########  ######  ######
     ##        ##  ##    ##  ##       ##     ## ##     ##       ## ##
     ##       #### ##     ## ######## ########  ##     ##  ######  ########

You're about to initialize a Firebase project in this directory:

  /home/user/Portafolio-Personal

[info] 
=== Project Setup
[info] 
[info] First, let's associate this project directory with a Firebase project.
[info] You can create multiple project aliases by running firebase use --add, 
[info] 
[info] i  If you want to create a project in a Google Cloud organization or folder, please use "firebase projects:create" instead, and return to this command when you've created the project. 
[debug] [2025-11-22T18:11:12.007Z] > command requires scopes: ["email","openid","https://www.googleapis.com/auth/cloudplatformprojects.readonly","https://www.googleapis.com/auth/firebase","https://www.googleapis.com/auth/cloud-platform","https://www.googleapis.com/auth/userinfo.email"]
[debug] [2025-11-22T18:11:12.010Z] > authorizing via signed-in user (victoralcantarapena@gmail.com)
[debug] [2025-11-22T18:11:28.103Z] No OAuth tokens found
[debug] [2025-11-22T18:11:28.105Z] No OAuth tokens found
[debug] [2025-11-22T18:11:28.105Z] > command requires scopes: ["email","openid","https://www.googleapis.com/auth/cloudplatformprojects.readonly","https://www.googleapis.com/auth/firebase","https://www.googleapis.com/auth/cloud-platform","https://www.googleapis.com/auth/userinfo.email"]
[debug] [2025-11-22T18:11:28.105Z] > authorizing via signed-in user (victoralcantarapena@gmail.com)
[debug] [2025-11-22T18:11:28.111Z] >>> [apiv2][query] POST https://firebase.googleapis.com/v1/projects:checkProjectId [none]
[debug] [2025-11-22T18:11:28.111Z] >>> [apiv2][body] POST https://firebase.googleapis.com/v1/projects:checkProjectId {"proposedId":"Portafolio-Personal"}
[debug] [2025-11-22T18:11:28.525Z] <<< [apiv2][status] POST https://firebase.googleapis.com/v1/projects:checkProjectId 200
[debug] [2025-11-22T18:11:28.525Z] <<< [apiv2][body] POST https://firebase.googleapis.com/v1/projects:checkProjectId {"projectIdStatus":"PROJECT_ID_NOT_VALID","suggestedProjectId":"portafolio-personal-f364e"}
